# Logfile created on 2018-05-25 22:41:46 +0000 by logger.rb/56438
[2018-05-25T22:41:47+00:00] INFO: Started chef-zero at chefzero://localhost:1 with repository at /opt/gitlab/embedded
  One version per cookbook

[2018-05-25T22:41:47+00:00] INFO: *** Chef 13.6.4 ***
[2018-05-25T22:41:47+00:00] INFO: Platform: x86_64-linux
[2018-05-25T22:41:47+00:00] INFO: Chef-client pid: 978
[2018-05-25T22:41:47+00:00] INFO: The plugin path /etc/chef/ohai/plugins does not exist. Skipping...
[2018-05-25T22:41:50+00:00] WARN: Plugin Network: unable to detect ipaddress
[2018-05-25T22:41:53+00:00] INFO: Setting the run_list to ["recipe[gitlab]"] from CLI options
[2018-05-25T22:41:53+00:00] INFO: Run List is [recipe[gitlab]]
[2018-05-25T22:41:53+00:00] INFO: Run List expands to [gitlab]
[2018-05-25T22:41:53+00:00] INFO: Starting Chef Run for gitlab.example.com
[2018-05-25T22:41:53+00:00] INFO: Running start handlers
[2018-05-25T22:41:53+00:00] INFO: Start handlers complete.
[2018-05-25T22:41:56+00:00] INFO: Loading cookbooks [gitlab@0.0.1, package@0.1.0, postgresql@0.1.0, registry@0.1.0, mattermost@0.1.0, consul@0.0.0, gitaly@0.1.0, letsencrypt@0.1.0, nginx@0.1.0, runit@0.14.2, acme@3.1.0, crond@0.1.0, compat_resource@12.19.0]
[2018-05-25T22:42:09+00:00] WARN: Runtime directory '/run' is not a tmpfs.
[2018-05-25T22:42:11+00:00] WARN: Skipped selecting an init system because it looks like we are running in a container
[2018-05-25T22:42:19+00:00] INFO: The plugin path /etc/chef/ohai/plugins does not exist. Skipping...
[2018-05-25T22:42:21+00:00] INFO: execute[/opt/gitlab/embedded/service/gitlab-shell/bin/gitlab-keys check-permissions] ran successfully
[2018-05-25T22:42:28+00:00] INFO: template[/var/opt/gitlab/gitlab-rails/etc/gitlab.yml] backed up to /opt/gitlab/embedded/cookbooks/cache/backup/var/opt/gitlab/gitlab-rails/etc/gitlab.yml.chef-20180525224228.507234
[2018-05-25T22:42:28+00:00] INFO: template[/var/opt/gitlab/gitlab-rails/etc/gitlab.yml] updated file contents /var/opt/gitlab/gitlab-rails/etc/gitlab.yml
[2018-05-25T22:42:29+00:00] INFO: execute[chown -R root:root /opt/gitlab/embedded/service/gitlab-rails/public] ran successfully
[2018-05-25T22:42:29+00:00] INFO: ruby_block[Move existing certs and link to /opt/gitlab/embedded/ssl/certs] called
[2018-05-25T22:42:29+00:00] INFO: ruby_block[Move existing certs and link to /opt/gitlab/embedded/ssl/certs] not queuing delayed action restart on service[unicorn] (delayed), as it's already been queued
[2018-05-25T22:42:35+00:00] INFO: template[/var/opt/gitlab/nginx/conf/gitlab-http.conf] backed up to /opt/gitlab/embedded/cookbooks/cache/backup/var/opt/gitlab/nginx/conf/gitlab-http.conf.chef-20180525224235.223606
[2018-05-25T22:42:35+00:00] INFO: template[/var/opt/gitlab/nginx/conf/gitlab-http.conf] updated file contents /var/opt/gitlab/nginx/conf/gitlab-http.conf
[2018-05-25T22:42:36+00:00] INFO: templatesymlink[Create a gitlab.yml and create a symlink to Rails root] sending restart action to service[unicorn] (delayed)
[2018-05-25T22:42:36+00:00] INFO: service[unicorn] restarted
[2018-05-25T22:42:36+00:00] INFO: templatesymlink[Create a gitlab.yml and create a symlink to Rails root] sending restart action to service[sidekiq] (delayed)
[2018-05-25T22:42:37+00:00] INFO: service[sidekiq] restarted
[2018-05-25T22:42:37+00:00] INFO: templatesymlink[Create a gitlab.yml and create a symlink to Rails root] sending run action to execute[clear the gitlab-rails cache] (delayed)
[2018-05-25T22:43:34+00:00] INFO: execute[clear the gitlab-rails cache] ran successfully
[2018-05-25T22:43:34+00:00] INFO: template[/var/opt/gitlab/nginx/conf/gitlab-http.conf] sending restart action to service[nginx] (delayed)
[2018-05-25T22:43:34+00:00] INFO: service[nginx] restarted
[2018-05-25T22:43:35+00:00] INFO: Chef Run complete in 101.751604342 seconds
[2018-05-25T22:43:35+00:00] INFO: Running report handlers
[2018-05-25T22:43:35+00:00] INFO: Report handlers complete
