# Logfile created on 2018-05-25 22:40:27 +0000 by logger.rb/56438
[2018-05-25T22:40:28+00:00] INFO: Started chef-zero at chefzero://localhost:1 with repository at /opt/gitlab/embedded
  One version per cookbook

[2018-05-25T22:40:28+00:00] INFO: *** Chef 13.6.4 ***
[2018-05-25T22:40:28+00:00] INFO: Platform: x86_64-linux
[2018-05-25T22:40:28+00:00] INFO: Chef-client pid: 27
[2018-05-25T22:40:28+00:00] INFO: The plugin path /etc/chef/ohai/plugins does not exist. Skipping...
[2018-05-25T22:40:30+00:00] WARN: Plugin Network: unable to detect ipaddress
[2018-05-25T22:40:32+00:00] INFO: Setting the run_list to ["recipe[gitlab]"] from CLI options
[2018-05-25T22:40:32+00:00] INFO: Run List is [recipe[gitlab]]
[2018-05-25T22:40:32+00:00] INFO: Run List expands to [gitlab]
[2018-05-25T22:40:32+00:00] INFO: Starting Chef Run for gitlab.example.com
[2018-05-25T22:40:32+00:00] INFO: Running start handlers
[2018-05-25T22:40:32+00:00] INFO: Start handlers complete.
[2018-05-25T22:40:35+00:00] INFO: Loading cookbooks [gitlab@0.0.1, package@0.1.0, postgresql@0.1.0, registry@0.1.0, mattermost@0.1.0, consul@0.0.0, gitaly@0.1.0, letsencrypt@0.1.0, nginx@0.1.0, runit@0.14.2, acme@3.1.0, crond@0.1.0, compat_resource@12.19.0]
[2018-05-25T22:40:43+00:00] WARN: Runtime directory '/run' is not a tmpfs.
[2018-05-25T22:40:43+00:00] WARN: Skipped selecting an init system because it looks like we are running in a container
[2018-05-25T22:40:45+00:00] INFO: The plugin path /etc/chef/ohai/plugins does not exist. Skipping...
[2018-05-25T22:40:46+00:00] INFO: execute[/opt/gitlab/embedded/service/gitlab-shell/bin/gitlab-keys check-permissions] ran successfully
[2018-05-25T22:40:50+00:00] INFO: execute[chown -R root:root /opt/gitlab/embedded/service/gitlab-rails/public] ran successfully
[2018-05-25T22:40:50+00:00] INFO: link[/opt/gitlab/service/redis] created
[2018-05-25T22:40:50+00:00] INFO: link[/opt/gitlab/service/postgresql] created
[2018-05-25T22:40:51+00:00] INFO: Retrying execution of execute[create gitlab postgresql user], 19 attempt(s) left
[2018-05-25T22:40:54+00:00] INFO: Retrying execution of execute[create gitlab postgresql user], 18 attempt(s) left
[2018-05-25T22:40:56+00:00] INFO: Retrying execution of execute[create gitlabhq_production database], 29 attempt(s) left
[2018-05-25T22:40:59+00:00] INFO: Retrying execution of execute[create gitlabhq_production database], 28 attempt(s) left
[2018-05-25T22:41:01+00:00] INFO: Retrying execution of execute[create gitlabhq_production database], 27 attempt(s) left
[2018-05-25T22:41:03+00:00] INFO: Retrying execution of execute[create gitlabhq_production database], 26 attempt(s) left
[2018-05-25T22:41:06+00:00] INFO: link[/opt/gitlab/service/unicorn] created
[2018-05-25T22:41:06+00:00] INFO: link[/opt/gitlab/service/sidekiq] created
[2018-05-25T22:41:07+00:00] INFO: link[/opt/gitlab/service/gitlab-workhorse] created
[2018-05-25T22:41:07+00:00] INFO: link[/opt/gitlab/service/nginx] created
[2018-05-25T22:41:07+00:00] INFO: link[/opt/gitlab/service/logrotate] created
[2018-05-25T22:41:07+00:00] INFO: link[/opt/gitlab/service/gitaly] created
[2018-05-25T22:41:07+00:00] INFO: link[/opt/gitlab/service/node-exporter] created
[2018-05-25T22:41:07+00:00] INFO: link[/opt/gitlab/service/gitlab-monitor] created
[2018-05-25T22:41:07+00:00] INFO: link[/opt/gitlab/service/redis-exporter] created
[2018-05-25T22:41:07+00:00] INFO: link[/opt/gitlab/service/prometheus] created
[2018-05-25T22:41:07+00:00] INFO: link[/opt/gitlab/service/postgres-exporter] created
[2018-05-25T22:41:07+00:00] INFO: Chef Run complete in 35.433856979 seconds
[2018-05-25T22:41:07+00:00] INFO: Running report handlers
[2018-05-25T22:41:08+00:00] INFO: Report handlers complete
