W, [2018-05-24T10:53:49.604533 #796]  WARN -- : #<Unicorn::HttpServer:0x00007f143a3c5690>: worker (pid: 796) exceeds memory limit (527998976.0 bytes > 511239090 bytes)
W, [2018-05-24T10:53:49.605193 #796]  WARN -- : Unicorn::WorkerKiller send SIGQUIT (pid: 796) alive: 495 sec (trial 1)
I, [2018-05-24T10:53:49.985831 #545]  INFO -- : reaped #<Process::Status: pid 796 exit 0> worker=2
I, [2018-05-24T10:53:51.196829 #2394]  INFO -- : worker=2 ready
W, [2018-05-24T10:54:04.644434 #793]  WARN -- : #<Unicorn::HttpServer:0x00007f143a3c5690>: worker (pid: 793) exceeds memory limit (529768448.0 bytes > 423808368 bytes)
W, [2018-05-24T10:54:04.644952 #793]  WARN -- : Unicorn::WorkerKiller send SIGQUIT (pid: 793) alive: 630 sec (trial 1)
I, [2018-05-24T10:54:05.174536 #545]  INFO -- : reaped #<Process::Status: pid 793 exit 0> worker=1
I, [2018-05-24T10:54:06.328890 #2432]  INFO -- : worker=1 ready
W, [2018-05-24T11:06:04.612593 #2394]  WARN -- : #<Unicorn::HttpServer:0x00007f143a3c5690>: worker (pid: 2394) exceeds memory limit (528109568.0 bytes > 482205794 bytes)
W, [2018-05-24T11:06:04.613011 #2394]  WARN -- : Unicorn::WorkerKiller send SIGQUIT (pid: 2394) alive: 690 sec (trial 1)
I, [2018-05-24T11:06:05.099873 #545]  INFO -- : reaped #<Process::Status: pid 2394 exit 0> worker=2
I, [2018-05-24T11:06:06.265475 #3884]  INFO -- : worker=2 ready
W, [2018-05-24T11:07:19.616747 #2432]  WARN -- : #<Unicorn::HttpServer:0x00007f143a3c5690>: worker (pid: 2432) exceeds memory limit (530313216.0 bytes > 507854110 bytes)
W, [2018-05-24T11:07:19.617439 #2432]  WARN -- : Unicorn::WorkerKiller send SIGQUIT (pid: 2432) alive: 675 sec (trial 1)
I, [2018-05-24T11:07:20.031416 #545]  INFO -- : reaped #<Process::Status: pid 2432 exit 0> worker=1
I, [2018-05-24T11:07:21.179518 #4046]  INFO -- : worker=1 ready
W, [2018-05-24T11:17:49.652568 #3884]  WARN -- : #<Unicorn::HttpServer:0x00007f143a3c5690>: worker (pid: 3884) exceeds memory limit (498966528.0 bytes > 479179870 bytes)
W, [2018-05-24T11:17:49.653031 #3884]  WARN -- : Unicorn::WorkerKiller send SIGQUIT (pid: 3884) alive: 660 sec (trial 1)
I, [2018-05-24T11:17:50.093725 #545]  INFO -- : reaped #<Process::Status: pid 3884 exit 0> worker=2
I, [2018-05-24T11:17:51.258353 #5325]  INFO -- : worker=2 ready
I, [2018-05-24T11:30:23.125476 #545]  INFO -- : Refreshing Gem list
I, [2018-05-24T11:31:26.248201 #545]  INFO -- : listening on addr=127.0.0.1:8080 fd=19
I, [2018-05-24T11:31:26.248492 #545]  INFO -- : unlinking existing socket=/var/opt/gitlab/gitlab-rails/sockets/gitlab.socket
I, [2018-05-24T11:31:26.248656 #545]  INFO -- : listening on addr=/var/opt/gitlab/gitlab-rails/sockets/gitlab.socket fd=20
I, [2018-05-24T11:31:27.245201 #545]  INFO -- : master process ready
I, [2018-05-24T11:31:28.343006 #781]  INFO -- : worker=0 ready
I, [2018-05-24T11:31:28.951199 #787]  INFO -- : worker=2 ready
I, [2018-05-24T11:31:29.048892 #784]  INFO -- : worker=1 ready
I, [2018-05-24T11:31:29.054689 #803]  INFO -- : worker=3 ready
W, [2018-05-24T11:41:49.635512 #781]  WARN -- : #<Unicorn::HttpServer:0x00007f03909c5690>: worker (pid: 781) exceeds memory limit (527469056.0 bytes > 492981456 bytes)
W, [2018-05-24T11:41:49.636280 #781]  WARN -- : Unicorn::WorkerKiller send SIGQUIT (pid: 781) alive: 525 sec (trial 1)
I, [2018-05-24T11:41:50.125181 #545]  INFO -- : reaped #<Process::Status: pid 781 exit 0> worker=0
I, [2018-05-24T11:41:51.358094 #2253]  INFO -- : worker=0 ready
W, [2018-05-24T12:08:49.646767 #784]  WARN -- : #<Unicorn::HttpServer:0x00007f03909c5690>: worker (pid: 784) exceeds memory limit (527747584.0 bytes > 526541789 bytes)
W, [2018-05-24T12:08:49.647435 #784]  WARN -- : Unicorn::WorkerKiller send SIGQUIT (pid: 784) alive: 2205 sec (trial 1)
I, [2018-05-24T12:08:50.322316 #545]  INFO -- : reaped #<Process::Status: pid 784 exit 0> worker=1
I, [2018-05-24T12:08:51.482709 #5551]  INFO -- : worker=1 ready
